C:\Personal\Mehroz\Demo\API\EducationManagementSystem\EMSUI\UI\dist\out-tsc\app\models\gradeModel.js
C:\Personal\Mehroz\Demo\API\EducationManagementSystem\EMSUI\UI\dist\out-tsc\app\models\gradeModel.js.map
C:\Personal\Mehroz\Demo\API\EducationManagementSystem\EMSUI\UI\dist\out-tsc\app\service\grade.service.js
C:\Personal\Mehroz\Demo\API\EducationManagementSystem\EMSUI\UI\dist\out-tsc\app\service\grade.service.js.map
C:\Personal\Mehroz\Demo\API\EducationManagementSystem\EMSUI\UI\dist\out-tsc\app\grades\grades.component.js
C:\Personal\Mehroz\Demo\API\EducationManagementSystem\EMSUI\UI\dist\out-tsc\app\grades\grades.component.js.map
C:\Personal\Mehroz\Demo\API\EducationManagementSystem\EMSUI\UI\dist\out-tsc\app\models\courseModel.js
C:\Personal\Mehroz\Demo\API\EducationManagementSystem\EMSUI\UI\dist\out-tsc\app\models\courseModel.js.map
C:\Personal\Mehroz\Demo\API\EducationManagementSystem\EMSUI\UI\dist\out-tsc\app\service\course.service.js
C:\Personal\Mehroz\Demo\API\EducationManagementSystem\EMSUI\UI\dist\out-tsc\app\service\course.service.js.map
C:\Personal\Mehroz\Demo\API\EducationManagementSystem\EMSUI\UI\dist\out-tsc\app\app.component.js
C:\Personal\Mehroz\Demo\API\EducationManagementSystem\EMSUI\UI\dist\out-tsc\app\app.component.js.map
C:\Personal\Mehroz\Demo\API\EducationManagementSystem\EMSUI\UI\dist\out-tsc\app\app-routing.module.js
C:\Personal\Mehroz\Demo\API\EducationManagementSystem\EMSUI\UI\dist\out-tsc\app\app-routing.module.js.map
C:\Personal\Mehroz\Demo\API\EducationManagementSystem\EMSUI\UI\dist\out-tsc\app\app.module.js
C:\Personal\Mehroz\Demo\API\EducationManagementSystem\EMSUI\UI\dist\out-tsc\app\app.module.js.map
C:\Personal\Mehroz\Demo\API\EducationManagementSystem\EMSUI\UI\dist\out-tsc\environments\environment.js
C:\Personal\Mehroz\Demo\API\EducationManagementSystem\EMSUI\UI\dist\out-tsc\environments\environment.js.map
C:\Personal\Mehroz\Demo\API\EducationManagementSystem\EMSUI\UI\dist\out-tsc\main.js
C:\Personal\Mehroz\Demo\API\EducationManagementSystem\EMSUI\UI\dist\out-tsc\main.js.map
C:\Personal\Mehroz\Demo\API\EducationManagementSystem\EMSUI\UI\dist\out-tsc\polyfills.js
C:\Personal\Mehroz\Demo\API\EducationManagementSystem\EMSUI\UI\dist\out-tsc\polyfills.js.map
C:\Personal\Mehroz\Demo\API\EducationManagementSystem\EMSUI\UI\dist\out-tsc\test.js
C:\Personal\Mehroz\Demo\API\EducationManagementSystem\EMSUI\UI\dist\out-tsc\test.js.map
C:\Personal\Mehroz\Demo\API\EducationManagementSystem\EMSUI\UI\dist\out-tsc\app\app.component.spec.js
C:\Personal\Mehroz\Demo\API\EducationManagementSystem\EMSUI\UI\dist\out-tsc\app\app.component.spec.js.map
C:\Personal\Mehroz\Demo\API\EducationManagementSystem\EMSUI\UI\dist\out-tsc\app\grades\grades-routing.module.js
C:\Personal\Mehroz\Demo\API\EducationManagementSystem\EMSUI\UI\dist\out-tsc\app\grades\grades-routing.module.js.map
C:\Personal\Mehroz\Demo\API\EducationManagementSystem\EMSUI\UI\dist\out-tsc\app\grades\grades.component.spec.js
C:\Personal\Mehroz\Demo\API\EducationManagementSystem\EMSUI\UI\dist\out-tsc\app\grades\grades.component.spec.js.map
C:\Personal\Mehroz\Demo\API\EducationManagementSystem\EMSUI\UI\dist\out-tsc\environments\environment.prod.js
C:\Personal\Mehroz\Demo\API\EducationManagementSystem\EMSUI\UI\dist\out-tsc\environments\environment.prod.js.map
